{"C:\\Users\\CSAV\\book-review-backend\\reviewLogic.js": {"path":"C:\\Users\\CSAV\\book-review-backend\\reviewLogic.js","statementMap":{"0":{"start":{"line":1,"column":15},"end":{"line":1,"column":41}},"1":{"start":{"line":4,"column":17},"end":{"line":4,"column":41}},"2":{"start":{"line":5,"column":2},"end":{"line":5,"column":59}},"3":{"start":{"line":9,"column":20},"end":{"line":9,"column":36}},"4":{"start":{"line":10,"column":2},"end":{"line":10,"column":32}},"5":{"start":{"line":13,"column":0},"end":{"line":13,"column":48}}},"fnMap":{"0":{"name":"fetchReviews","decl":{"start":{"line":3,"column":15},"end":{"line":3,"column":27}},"loc":{"start":{"line":3,"column":36},"end":{"line":6,"column":1}},"line":3},"1":{"name":"createReview","decl":{"start":{"line":8,"column":15},"end":{"line":8,"column":27}},"loc":{"start":{"line":8,"column":34},"end":{"line":11,"column":1}},"line":8}},"branchMap":{"0":{"loc":{"start":{"line":4,"column":17},"end":{"line":4,"column":41}},"type":"cond-expr","locations":[{"start":{"line":4,"column":26},"end":{"line":4,"column":36}},{"start":{"line":4,"column":39},"end":{"line":4,"column":41}}],"line":4}},"s":{"0":2,"1":3,"2":3,"3":2,"4":2,"5":2},"f":{"0":3,"1":2},"b":{"0":[2,1]},"_coverageSchema":"1a1c01bbd47fc00a2c39e90264f33305004495a9","hash":"80c260bfb8235375b04bfd41d83a20a0300a3d33"}
,"C:\\Users\\CSAV\\book-review-backend\\server.js": {"path":"C:\\Users\\CSAV\\book-review-backend\\server.js","statementMap":{"0":{"start":{"line":1,"column":0},"end":{"line":1,"column":27}},"1":{"start":{"line":3,"column":16},"end":{"line":3,"column":34}},"2":{"start":{"line":4,"column":17},"end":{"line":4,"column":36}},"3":{"start":{"line":5,"column":13},"end":{"line":5,"column":28}},"4":{"start":{"line":7,"column":12},"end":{"line":7,"column":21}},"5":{"start":{"line":9,"column":19},"end":{"line":9,"column":43}},"6":{"start":{"line":10,"column":19},"end":{"line":10,"column":44}},"7":{"start":{"line":11,"column":19},"end":{"line":11,"column":44}},"8":{"start":{"line":12,"column":21},"end":{"line":12,"column":48}},"9":{"start":{"line":14,"column":13},"end":{"line":14,"column":37}},"10":{"start":{"line":16,"column":0},"end":{"line":28,"column":1}},"11":{"start":{"line":17,"column":2},"end":{"line":23,"column":60}},"12":{"start":{"line":20,"column":6},"end":{"line":20,"column":71}},"13":{"start":{"line":21,"column":6},"end":{"line":21,"column":62}},"14":{"start":{"line":23,"column":20},"end":{"line":23,"column":58}},"15":{"start":{"line":25,"column":2},"end":{"line":27,"column":5}},"16":{"start":{"line":26,"column":4},"end":{"line":26,"column":65}},"17":{"start":{"line":30,"column":0},"end":{"line":30,"column":16}},"18":{"start":{"line":31,"column":0},"end":{"line":31,"column":24}},"19":{"start":{"line":33,"column":0},"end":{"line":33,"column":29}},"20":{"start":{"line":34,"column":0},"end":{"line":34,"column":30}},"21":{"start":{"line":35,"column":0},"end":{"line":35,"column":30}},"22":{"start":{"line":36,"column":0},"end":{"line":36,"column":34}},"23":{"start":{"line":38,"column":0},"end":{"line":38,"column":21}}},"fnMap":{"0":{"name":"(anonymous_0)","decl":{"start":{"line":19,"column":10},"end":{"line":19,"column":11}},"loc":{"start":{"line":19,"column":20},"end":{"line":22,"column":5}},"line":19},"1":{"name":"(anonymous_1)","decl":{"start":{"line":23,"column":11},"end":{"line":23,"column":12}},"loc":{"start":{"line":23,"column":20},"end":{"line":23,"column":58}},"line":23},"2":{"name":"(anonymous_2)","decl":{"start":{"line":25,"column":19},"end":{"line":25,"column":20}},"loc":{"start":{"line":25,"column":25},"end":{"line":27,"column":3}},"line":25}},"branchMap":{"0":{"loc":{"start":{"line":14,"column":13},"end":{"line":14,"column":37}},"type":"binary-expr","locations":[{"start":{"line":14,"column":13},"end":{"line":14,"column":29}},{"start":{"line":14,"column":33},"end":{"line":14,"column":37}}],"line":14},"1":{"loc":{"start":{"line":16,"column":0},"end":{"line":28,"column":1}},"type":"if","locations":[{"start":{"line":16,"column":0},"end":{"line":28,"column":1}},{"start":{},"end":{}}],"line":16}},"s":{"0":4,"1":4,"2":4,"3":4,"4":4,"5":4,"6":4,"7":4,"8":4,"9":4,"10":4,"11":0,"12":0,"13":0,"14":0,"15":0,"16":0,"17":4,"18":4,"19":4,"20":4,"21":4,"22":4,"23":4},"f":{"0":0,"1":0,"2":0},"b":{"0":[4,4],"1":[0,4]},"_coverageSchema":"1a1c01bbd47fc00a2c39e90264f33305004495a9","hash":"013c66271e87d911de5c1cb5ce348dd5b6c8bf27"}
,"C:\\Users\\CSAV\\book-review-backend\\models\\Book.js": {"path":"C:\\Users\\CSAV\\book-review-backend\\models\\Book.js","statementMap":{"0":{"start":{"line":1,"column":17},"end":{"line":1,"column":36}},"1":{"start":{"line":3,"column":19},"end":{"line":9,"column":2}},"2":{"start":{"line":11,"column":0},"end":{"line":11,"column":52}}},"fnMap":{},"branchMap":{},"s":{"0":4,"1":4,"2":4},"f":{},"b":{},"_coverageSchema":"1a1c01bbd47fc00a2c39e90264f33305004495a9","hash":"5fe5c1dc6b727f57439172bb686c203c92b4c3c5"}
,"C:\\Users\\CSAV\\book-review-backend\\models\\Review.js": {"path":"C:\\Users\\CSAV\\book-review-backend\\models\\Review.js","statementMap":{"0":{"start":{"line":1,"column":17},"end":{"line":1,"column":36}},"1":{"start":{"line":3,"column":21},"end":{"line":25,"column":1}},"2":{"start":{"line":27,"column":0},"end":{"line":27,"column":56}}},"fnMap":{},"branchMap":{},"s":{"0":6,"1":6,"2":6},"f":{},"b":{},"_coverageSchema":"1a1c01bbd47fc00a2c39e90264f33305004495a9","hash":"e3c696151d012e94243068b2f6268c91c585b86a"}
,"C:\\Users\\CSAV\\book-review-backend\\models\\User.js": {"path":"C:\\Users\\CSAV\\book-review-backend\\models\\User.js","statementMap":{"0":{"start":{"line":1,"column":17},"end":{"line":1,"column":36}},"1":{"start":{"line":3,"column":19},"end":{"line":8,"column":24}},"2":{"start":{"line":10,"column":0},"end":{"line":10,"column":52}}},"fnMap":{},"branchMap":{},"s":{"0":4,"1":4,"2":4},"f":{},"b":{},"_coverageSchema":"1a1c01bbd47fc00a2c39e90264f33305004495a9","hash":"0581a4e94108caf46ba0772f57f48bdd1ee6b76e"}
,"C:\\Users\\CSAV\\book-review-backend\\routes\\auth.js": {"path":"C:\\Users\\CSAV\\book-review-backend\\routes\\auth.js","statementMap":{"0":{"start":{"line":1,"column":16},"end":{"line":1,"column":34}},"1":{"start":{"line":2,"column":15},"end":{"line":2,"column":31}},"2":{"start":{"line":3,"column":13},"end":{"line":3,"column":38}},"3":{"start":{"line":5,"column":0},"end":{"line":35,"column":3}},"4":{"start":{"line":6,"column":44},"end":{"line":6,"column":52}},"5":{"start":{"line":7,"column":2},"end":{"line":7,"column":53}},"6":{"start":{"line":10,"column":2},"end":{"line":12,"column":3}},"7":{"start":{"line":11,"column":4},"end":{"line":11,"column":81}},"8":{"start":{"line":14,"column":2},"end":{"line":34,"column":3}},"9":{"start":{"line":15,"column":21},"end":{"line":15,"column":53}},"10":{"start":{"line":16,"column":4},"end":{"line":18,"column":5}},"11":{"start":{"line":17,"column":6},"end":{"line":17,"column":72}},"12":{"start":{"line":20,"column":20},"end":{"line":20,"column":63}},"13":{"start":{"line":21,"column":4},"end":{"line":21,"column":25}},"14":{"start":{"line":23,"column":4},"end":{"line":30,"column":7}},"15":{"start":{"line":32,"column":4},"end":{"line":32,"column":56}},"16":{"start":{"line":33,"column":4},"end":{"line":33,"column":87}},"17":{"start":{"line":39,"column":0},"end":{"line":65,"column":3}},"18":{"start":{"line":40,"column":33},"end":{"line":40,"column":41}},"19":{"start":{"line":42,"column":2},"end":{"line":44,"column":3}},"20":{"start":{"line":43,"column":4},"end":{"line":43,"column":81}},"21":{"start":{"line":46,"column":2},"end":{"line":64,"column":3}},"22":{"start":{"line":47,"column":17},"end":{"line":47,"column":49}},"23":{"start":{"line":49,"column":4},"end":{"line":51,"column":5}},"24":{"start":{"line":50,"column":6},"end":{"line":50,"column":77}},"25":{"start":{"line":53,"column":4},"end":{"line":60,"column":7}},"26":{"start":{"line":62,"column":4},"end":{"line":62,"column":49}},"27":{"start":{"line":63,"column":4},"end":{"line":63,"column":80}},"28":{"start":{"line":67,"column":0},"end":{"line":67,"column":24}}},"fnMap":{"0":{"name":"(anonymous_0)","decl":{"start":{"line":5,"column":17},"end":{"line":5,"column":18}},"loc":{"start":{"line":5,"column":37},"end":{"line":35,"column":1}},"line":5},"1":{"name":"(anonymous_1)","decl":{"start":{"line":39,"column":22},"end":{"line":39,"column":23}},"loc":{"start":{"line":39,"column":42},"end":{"line":65,"column":1}},"line":39}},"branchMap":{"0":{"loc":{"start":{"line":10,"column":2},"end":{"line":12,"column":3}},"type":"if","locations":[{"start":{"line":10,"column":2},"end":{"line":12,"column":3}},{"start":{},"end":{}}],"line":10},"1":{"loc":{"start":{"line":10,"column":6},"end":{"line":10,"column":28}},"type":"binary-expr","locations":[{"start":{"line":10,"column":6},"end":{"line":10,"column":15}},{"start":{"line":10,"column":19},"end":{"line":10,"column":28}}],"line":10},"2":{"loc":{"start":{"line":16,"column":4},"end":{"line":18,"column":5}},"type":"if","locations":[{"start":{"line":16,"column":4},"end":{"line":18,"column":5}},{"start":{},"end":{}}],"line":16},"3":{"loc":{"start":{"line":33,"column":34},"end":{"line":33,"column":83}},"type":"binary-expr","locations":[{"start":{"line":33,"column":34},"end":{"line":33,"column":45}},{"start":{"line":33,"column":49},"end":{"line":33,"column":83}}],"line":33},"4":{"loc":{"start":{"line":42,"column":2},"end":{"line":44,"column":3}},"type":"if","locations":[{"start":{"line":42,"column":2},"end":{"line":44,"column":3}},{"start":{},"end":{}}],"line":42},"5":{"loc":{"start":{"line":42,"column":6},"end":{"line":42,"column":28}},"type":"binary-expr","locations":[{"start":{"line":42,"column":6},"end":{"line":42,"column":15}},{"start":{"line":42,"column":19},"end":{"line":42,"column":28}}],"line":42},"6":{"loc":{"start":{"line":49,"column":4},"end":{"line":51,"column":5}},"type":"if","locations":[{"start":{"line":49,"column":4},"end":{"line":51,"column":5}},{"start":{},"end":{}}],"line":49},"7":{"loc":{"start":{"line":49,"column":8},"end":{"line":49,"column":43}},"type":"binary-expr","locations":[{"start":{"line":49,"column":8},"end":{"line":49,"column":13}},{"start":{"line":49,"column":17},"end":{"line":49,"column":43}}],"line":49},"8":{"loc":{"start":{"line":63,"column":34},"end":{"line":63,"column":76}},"type":"binary-expr","locations":[{"start":{"line":63,"column":34},"end":{"line":63,"column":45}},{"start":{"line":63,"column":49},"end":{"line":63,"column":76}}],"line":63}},"s":{"0":4,"1":4,"2":4,"3":4,"4":3,"5":3,"6":3,"7":1,"8":2,"9":2,"10":2,"11":1,"12":1,"13":1,"14":1,"15":0,"16":0,"17":4,"18":2,"19":2,"20":0,"21":2,"22":2,"23":2,"24":1,"25":1,"26":0,"27":0,"28":4},"f":{"0":3,"1":2},"b":{"0":[1,2],"1":[3,2],"2":[1,1],"3":[0,0],"4":[0,2],"5":[2,2],"6":[1,1],"7":[2,2],"8":[0,0]},"_coverageSchema":"1a1c01bbd47fc00a2c39e90264f33305004495a9","hash":"4d5699f9c71c96d719a024ad5b78822eb632ac39"}
,"C:\\Users\\CSAV\\book-review-backend\\routes\\books.js": {"path":"C:\\Users\\CSAV\\book-review-backend\\routes\\books.js","statementMap":{"0":{"start":{"line":1,"column":16},"end":{"line":1,"column":34}},"1":{"start":{"line":2,"column":15},"end":{"line":2,"column":31}},"2":{"start":{"line":3,"column":13},"end":{"line":3,"column":38}},"3":{"start":{"line":6,"column":0},"end":{"line":13,"column":3}},"4":{"start":{"line":7,"column":2},"end":{"line":12,"column":3}},"5":{"start":{"line":8,"column":18},"end":{"line":8,"column":35}},"6":{"start":{"line":9,"column":4},"end":{"line":9,"column":20}},"7":{"start":{"line":11,"column":4},"end":{"line":11,"column":61}},"8":{"start":{"line":16,"column":0},"end":{"line":24,"column":3}},"9":{"start":{"line":17,"column":2},"end":{"line":23,"column":3}},"10":{"start":{"line":18,"column":17},"end":{"line":18,"column":51}},"11":{"start":{"line":19,"column":4},"end":{"line":19,"column":72}},"12":{"start":{"line":19,"column":15},"end":{"line":19,"column":72}},"13":{"start":{"line":20,"column":4},"end":{"line":20,"column":19}},"14":{"start":{"line":22,"column":4},"end":{"line":22,"column":59}},"15":{"start":{"line":27,"column":0},"end":{"line":36,"column":3}},"16":{"start":{"line":28,"column":60},"end":{"line":28,"column":68}},"17":{"start":{"line":29,"column":2},"end":{"line":35,"column":3}},"18":{"start":{"line":30,"column":20},"end":{"line":30,"column":79}},"19":{"start":{"line":31,"column":4},"end":{"line":31,"column":25}},"20":{"start":{"line":32,"column":4},"end":{"line":32,"column":34}},"21":{"start":{"line":34,"column":4},"end":{"line":34,"column":58}},"22":{"start":{"line":38,"column":0},"end":{"line":38,"column":24}}},"fnMap":{"0":{"name":"(anonymous_0)","decl":{"start":{"line":6,"column":16},"end":{"line":6,"column":17}},"loc":{"start":{"line":6,"column":36},"end":{"line":13,"column":1}},"line":6},"1":{"name":"(anonymous_1)","decl":{"start":{"line":16,"column":19},"end":{"line":16,"column":20}},"loc":{"start":{"line":16,"column":39},"end":{"line":24,"column":1}},"line":16},"2":{"name":"(anonymous_2)","decl":{"start":{"line":27,"column":17},"end":{"line":27,"column":18}},"loc":{"start":{"line":27,"column":37},"end":{"line":36,"column":1}},"line":27}},"branchMap":{"0":{"loc":{"start":{"line":19,"column":4},"end":{"line":19,"column":72}},"type":"if","locations":[{"start":{"line":19,"column":4},"end":{"line":19,"column":72}},{"start":{},"end":{}}],"line":19}},"s":{"0":4,"1":4,"2":4,"3":4,"4":1,"5":1,"6":1,"7":0,"8":4,"9":2,"10":2,"11":2,"12":1,"13":1,"14":0,"15":4,"16":2,"17":2,"18":2,"19":2,"20":1,"21":1,"22":4},"f":{"0":1,"1":2,"2":2},"b":{"0":[1,1]},"_coverageSchema":"1a1c01bbd47fc00a2c39e90264f33305004495a9","hash":"8f385270fcbf5c9579e5bb67e29fd367e3bf0f72"}
,"C:\\Users\\CSAV\\book-review-backend\\routes\\reviews.js": {"path":"C:\\Users\\CSAV\\book-review-backend\\routes\\reviews.js","statementMap":{"0":{"start":{"line":1,"column":16},"end":{"line":1,"column":34}},"1":{"start":{"line":2,"column":15},"end":{"line":2,"column":31}},"2":{"start":{"line":3,"column":15},"end":{"line":3,"column":42}},"3":{"start":{"line":6,"column":0},"end":{"line":19,"column":3}},"4":{"start":{"line":7,"column":2},"end":{"line":18,"column":3}},"5":{"start":{"line":8,"column":23},"end":{"line":8,"column":32}},"6":{"start":{"line":9,"column":4},"end":{"line":9,"column":56}},"7":{"start":{"line":11,"column":19},"end":{"line":11,"column":43}},"8":{"start":{"line":12,"column":20},"end":{"line":12,"column":69}},"9":{"start":{"line":14,"column":4},"end":{"line":14,"column":22}},"10":{"start":{"line":16,"column":4},"end":{"line":16,"column":51}},"11":{"start":{"line":17,"column":4},"end":{"line":17,"column":63}},"12":{"start":{"line":22,"column":0},"end":{"line":39,"column":3}},"13":{"start":{"line":23,"column":44},"end":{"line":23,"column":52}},"14":{"start":{"line":25,"column":2},"end":{"line":38,"column":3}},"15":{"start":{"line":26,"column":22},"end":{"line":31,"column":6}},"16":{"start":{"line":33,"column":4},"end":{"line":33,"column":27}},"17":{"start":{"line":34,"column":4},"end":{"line":34,"column":36}},"18":{"start":{"line":36,"column":4},"end":{"line":36,"column":48}},"19":{"start":{"line":37,"column":4},"end":{"line":37,"column":63}},"20":{"start":{"line":41,"column":0},"end":{"line":41,"column":24}}},"fnMap":{"0":{"name":"(anonymous_0)","decl":{"start":{"line":6,"column":16},"end":{"line":6,"column":17}},"loc":{"start":{"line":6,"column":36},"end":{"line":19,"column":1}},"line":6},"1":{"name":"(anonymous_1)","decl":{"start":{"line":22,"column":17},"end":{"line":22,"column":18}},"loc":{"start":{"line":22,"column":37},"end":{"line":39,"column":1}},"line":22}},"branchMap":{"0":{"loc":{"start":{"line":11,"column":19},"end":{"line":11,"column":43}},"type":"cond-expr","locations":[{"start":{"line":11,"column":28},"end":{"line":11,"column":38}},{"start":{"line":11,"column":41},"end":{"line":11,"column":43}}],"line":11}},"s":{"0":4,"1":4,"2":4,"3":4,"4":1,"5":1,"6":1,"7":1,"8":1,"9":1,"10":0,"11":0,"12":4,"13":1,"14":1,"15":1,"16":1,"17":1,"18":0,"19":0,"20":4},"f":{"0":1,"1":1},"b":{"0":[0,1]},"_coverageSchema":"1a1c01bbd47fc00a2c39e90264f33305004495a9","hash":"798166257d2ecc1fd545208c44c6af50d7575390"}
,"C:\\Users\\CSAV\\book-review-backend\\routes\\users.js": {"path":"C:\\Users\\CSAV\\book-review-backend\\routes\\users.js","statementMap":{"0":{"start":{"line":1,"column":16},"end":{"line":1,"column":34}},"1":{"start":{"line":2,"column":15},"end":{"line":2,"column":31}},"2":{"start":{"line":3,"column":13},"end":{"line":3,"column":38}},"3":{"start":{"line":7,"column":0},"end":{"line":16,"column":3}},"4":{"start":{"line":8,"column":2},"end":{"line":15,"column":3}},"5":{"start":{"line":9,"column":17},"end":{"line":9,"column":51}},"6":{"start":{"line":10,"column":4},"end":{"line":10,"column":72}},"7":{"start":{"line":10,"column":15},"end":{"line":10,"column":72}},"8":{"start":{"line":11,"column":4},"end":{"line":11,"column":19}},"9":{"start":{"line":13,"column":4},"end":{"line":13,"column":49}},"10":{"start":{"line":14,"column":4},"end":{"line":14,"column":60}},"11":{"start":{"line":18,"column":0},"end":{"line":32,"column":3}},"12":{"start":{"line":19,"column":24},"end":{"line":19,"column":32}},"13":{"start":{"line":20,"column":2},"end":{"line":31,"column":3}},"14":{"start":{"line":21,"column":20},"end":{"line":25,"column":5}},"15":{"start":{"line":26,"column":4},"end":{"line":26,"column":75}},"16":{"start":{"line":26,"column":18},"end":{"line":26,"column":75}},"17":{"start":{"line":27,"column":4},"end":{"line":27,"column":22}},"18":{"start":{"line":29,"column":4},"end":{"line":29,"column":49}},"19":{"start":{"line":30,"column":4},"end":{"line":30,"column":64}},"20":{"start":{"line":34,"column":0},"end":{"line":43,"column":3}},"21":{"start":{"line":35,"column":44},"end":{"line":35,"column":52}},"22":{"start":{"line":36,"column":2},"end":{"line":42,"column":3}},"23":{"start":{"line":37,"column":20},"end":{"line":37,"column":72}},"24":{"start":{"line":38,"column":4},"end":{"line":38,"column":34}},"25":{"start":{"line":40,"column":4},"end":{"line":40,"column":49}},"26":{"start":{"line":41,"column":4},"end":{"line":41,"column":61}},"27":{"start":{"line":51,"column":0},"end":{"line":51,"column":24}}},"fnMap":{"0":{"name":"(anonymous_0)","decl":{"start":{"line":7,"column":19},"end":{"line":7,"column":20}},"loc":{"start":{"line":7,"column":39},"end":{"line":16,"column":1}},"line":7},"1":{"name":"(anonymous_1)","decl":{"start":{"line":18,"column":19},"end":{"line":18,"column":20}},"loc":{"start":{"line":18,"column":39},"end":{"line":32,"column":1}},"line":18},"2":{"name":"(anonymous_2)","decl":{"start":{"line":34,"column":17},"end":{"line":34,"column":18}},"loc":{"start":{"line":34,"column":37},"end":{"line":43,"column":1}},"line":34}},"branchMap":{"0":{"loc":{"start":{"line":10,"column":4},"end":{"line":10,"column":72}},"type":"if","locations":[{"start":{"line":10,"column":4},"end":{"line":10,"column":72}},{"start":{},"end":{}}],"line":10},"1":{"loc":{"start":{"line":26,"column":4},"end":{"line":26,"column":75}},"type":"if","locations":[{"start":{"line":26,"column":4},"end":{"line":26,"column":75}},{"start":{},"end":{}}],"line":26}},"s":{"0":4,"1":4,"2":4,"3":4,"4":2,"5":2,"6":2,"7":1,"8":1,"9":0,"10":0,"11":4,"12":2,"13":2,"14":2,"15":2,"16":1,"17":1,"18":0,"19":0,"20":4,"21":2,"22":2,"23":2,"24":1,"25":1,"26":1,"27":4},"f":{"0":2,"1":2,"2":2},"b":{"0":[1,1],"1":[1,1]},"_coverageSchema":"1a1c01bbd47fc00a2c39e90264f33305004495a9","hash":"1f7757a86749f405b515a9b3d65a13dda004ea89"}
}
