TN:
SF:reviewLogic.js
FN:3,fetchReviews
FN:8,createReview
FNF:2
FNH:2
FNDA:3,fetchReviews
FNDA:2,createReview
DA:1,2
DA:4,3
DA:5,3
DA:9,2
DA:10,2
DA:13,2
LF:6
LH:6
BRDA:4,0,0,2
BRDA:4,0,1,1
BRF:2
BRH:2
end_of_record
TN:
SF:server.js
FN:19,(anonymous_0)
FN:23,(anonymous_1)
FN:25,(anonymous_2)
FNF:3
FNH:0
FNDA:0,(anonymous_0)
FNDA:0,(anonymous_1)
FNDA:0,(anonymous_2)
DA:1,4
DA:3,4
DA:4,4
DA:5,4
DA:7,4
DA:9,4
DA:10,4
DA:11,4
DA:12,4
DA:14,4
DA:16,4
DA:17,0
DA:20,0
DA:21,0
DA:23,0
DA:25,0
DA:26,0
DA:30,4
DA:31,4
DA:33,4
DA:34,4
DA:35,4
DA:36,4
DA:38,4
LF:24
LH:18
BRDA:14,0,0,4
BRDA:14,0,1,4
BRDA:16,1,0,0
BRDA:16,1,1,4
BRF:4
BRH:3
end_of_record
TN:
SF:models\Book.js
FNF:0
FNH:0
DA:1,4
DA:3,4
DA:11,4
LF:3
LH:3
BRF:0
BRH:0
end_of_record
TN:
SF:models\Review.js
FNF:0
FNH:0
DA:1,6
DA:3,6
DA:27,6
LF:3
LH:3
BRF:0
BRH:0
end_of_record
TN:
SF:models\User.js
FNF:0
FNH:0
DA:1,4
DA:3,4
DA:10,4
LF:3
LH:3
BRF:0
BRH:0
end_of_record
TN:
SF:routes\auth.js
FN:5,(anonymous_0)
FN:39,(anonymous_1)
FNF:2
FNH:2
FNDA:3,(anonymous_0)
FNDA:2,(anonymous_1)
DA:1,4
DA:2,4
DA:3,4
DA:5,4
DA:6,3
DA:7,3
DA:10,3
DA:11,1
DA:14,2
DA:15,2
DA:16,2
DA:17,1
DA:20,1
DA:21,1
DA:23,1
DA:32,0
DA:33,0
DA:39,4
DA:40,2
DA:42,2
DA:43,0
DA:46,2
DA:47,2
DA:49,2
DA:50,1
DA:53,1
DA:62,0
DA:63,0
DA:67,4
LF:29
LH:24
BRDA:10,0,0,1
BRDA:10,0,1,2
BRDA:10,1,0,3
BRDA:10,1,1,2
BRDA:16,2,0,1
BRDA:16,2,1,1
BRDA:33,3,0,0
BRDA:33,3,1,0
BRDA:42,4,0,0
BRDA:42,4,1,2
BRDA:42,5,0,2
BRDA:42,5,1,2
BRDA:49,6,0,1
BRDA:49,6,1,1
BRDA:49,7,0,2
BRDA:49,7,1,2
BRDA:63,8,0,0
BRDA:63,8,1,0
BRF:18
BRH:13
end_of_record
TN:
SF:routes\books.js
FN:6,(anonymous_0)
FN:16,(anonymous_1)
FN:27,(anonymous_2)
FNF:3
FNH:3
FNDA:1,(anonymous_0)
FNDA:2,(anonymous_1)
FNDA:2,(anonymous_2)
DA:1,4
DA:2,4
DA:3,4
DA:6,4
DA:7,1
DA:8,1
DA:9,1
DA:11,0
DA:16,4
DA:17,2
DA:18,2
DA:19,2
DA:20,1
DA:22,0
DA:27,4
DA:28,2
DA:29,2
DA:30,2
DA:31,2
DA:32,1
DA:34,1
DA:38,4
LF:22
LH:20
BRDA:19,0,0,1
BRDA:19,0,1,1
BRF:2
BRH:2
end_of_record
TN:
SF:routes\reviews.js
FN:6,(anonymous_0)
FN:22,(anonymous_1)
FNF:2
FNH:2
FNDA:1,(anonymous_0)
FNDA:1,(anonymous_1)
DA:1,4
DA:2,4
DA:3,4
DA:6,4
DA:7,1
DA:8,1
DA:9,1
DA:11,1
DA:12,1
DA:14,1
DA:16,0
DA:17,0
DA:22,4
DA:23,1
DA:25,1
DA:26,1
DA:33,1
DA:34,1
DA:36,0
DA:37,0
DA:41,4
LF:21
LH:17
BRDA:11,0,0,0
BRDA:11,0,1,1
BRF:2
BRH:1
end_of_record
TN:
SF:routes\users.js
FN:7,(anonymous_0)
FN:18,(anonymous_1)
FN:34,(anonymous_2)
FNF:3
FNH:3
FNDA:2,(anonymous_0)
FNDA:2,(anonymous_1)
FNDA:2,(anonymous_2)
DA:1,4
DA:2,4
DA:3,4
DA:7,4
DA:8,2
DA:9,2
DA:10,2
DA:11,1
DA:13,0
DA:14,0
DA:18,4
DA:19,2
DA:20,2
DA:21,2
DA:26,2
DA:27,1
DA:29,0
DA:30,0
DA:34,4
DA:35,2
DA:36,2
DA:37,2
DA:38,1
DA:40,1
DA:41,1
DA:51,4
LF:26
LH:22
BRDA:10,0,0,1
BRDA:10,0,1,1
BRDA:26,1,0,1
BRDA:26,1,1,1
BRF:4
BRH:4
end_of_record
